0 info it worked if it ends with ok
1 verbose cli [ 'C:\\Program Files\\nodejs\\\\node.exe',
1 verbose cli   'C:\\Program Files\\nodejs\\node_modules\\npm\\bin\\npm-cli.js',
1 verbose cli   'install',
1 verbose cli   'express-install',
1 verbose cli   '--save' ]
2 info using npm@1.4.28
3 info using node@v0.10.35
4 verbose node symlink C:\Program Files\nodejs\\node.exe
5 warn package.json asmtax@1.0.0 No README data
6 verbose readDependencies using package.json deps
7 verbose cache add [ 'express-install', null ]
8 verbose cache add name=undefined spec="express-install" args=["express-install",null]
9 verbose parsed url { protocol: null,
9 verbose parsed url   slashes: null,
9 verbose parsed url   auth: null,
9 verbose parsed url   host: null,
9 verbose parsed url   port: null,
9 verbose parsed url   hostname: null,
9 verbose parsed url   hash: null,
9 verbose parsed url   search: null,
9 verbose parsed url   query: null,
9 verbose parsed url   pathname: 'express-install',
9 verbose parsed url   path: 'express-install',
9 verbose parsed url   href: 'express-install' }
10 silly lockFile 3848a681-express-install express-install
11 verbose lock express-install C:\Users\Myrianne Richard\AppData\Roaming\npm-cache\3848a681-express-install.lock
12 silly lockFile 3848a681-express-install express-install
13 silly lockFile 3848a681-express-install express-install
14 verbose addNamed [ 'express-install', '' ]
15 verbose addNamed [ null, '*' ]
16 silly lockFile 20a890ee-express-install express-install@
17 verbose lock express-install@ C:\Users\Myrianne Richard\AppData\Roaming\npm-cache\20a890ee-express-install.lock
18 silly addNameRange { name: 'express-install', range: '*', hasData: false }
19 verbose request where is /express-install
20 verbose request registry https://registry.npmjs.org/
21 verbose request id 7736529a3b5c0ec7
22 verbose url raw /express-install
23 verbose url resolving [ 'https://registry.npmjs.org/', './express-install' ]
24 verbose url resolved https://registry.npmjs.org/express-install
25 verbose request where is https://registry.npmjs.org/express-install
26 info trying registry request attempt 1 at 14:14:56
27 http GET https://registry.npmjs.org/express-install
28 http 404 https://registry.npmjs.org/express-install
29 verbose headers { date: 'Wed, 14 Jan 2015 22:15:08 GMT',
29 verbose headers   server: 'CouchDB/1.5.0 (Erlang OTP/R16B03)',
29 verbose headers   'content-type': 'application/json',
29 verbose headers   'cache-control': 'max-age=0',
29 verbose headers   'content-length': '52',
29 verbose headers   'accept-ranges': 'bytes',
29 verbose headers   via: '1.1 varnish',
29 verbose headers   age: '0',
29 verbose headers   'x-served-by': 'cache-sjc3122-SJC',
29 verbose headers   'x-cache': 'MISS',
29 verbose headers   'x-cache-hits': '0',
29 verbose headers   'x-timer': 'S1421273708.613598,VS0,VE87',
29 verbose headers   'keep-alive': 'timeout=10, max=50',
29 verbose headers   connection: 'Keep-Alive' }
30 silly registry.get cb [ 404,
30 silly registry.get   { date: 'Wed, 14 Jan 2015 22:15:08 GMT',
30 silly registry.get     server: 'CouchDB/1.5.0 (Erlang OTP/R16B03)',
30 silly registry.get     'content-type': 'application/json',
30 silly registry.get     'cache-control': 'max-age=0',
30 silly registry.get     'content-length': '52',
30 silly registry.get     'accept-ranges': 'bytes',
30 silly registry.get     via: '1.1 varnish',
30 silly registry.get     age: '0',
30 silly registry.get     'x-served-by': 'cache-sjc3122-SJC',
30 silly registry.get     'x-cache': 'MISS',
30 silly registry.get     'x-cache-hits': '0',
30 silly registry.get     'x-timer': 'S1421273708.613598,VS0,VE87',
30 silly registry.get     'keep-alive': 'timeout=10, max=50',
30 silly registry.get     connection: 'Keep-Alive' } ]
31 silly lockFile 20a890ee-express-install express-install@
32 silly lockFile 20a890ee-express-install express-install@
33 error 404 404 Not Found: express-install
33 error 404
33 error 404 'express-install' is not in the npm registry.
33 error 404 You should bug the author to publish it
33 error 404 It was specified as a dependency of 'asmtax'
33 error 404
33 error 404 Note that you can also install from a
33 error 404 tarball, folder, or http url, or git url.
34 error System Windows_NT 6.1.7601
35 error command "C:\\Program Files\\nodejs\\\\node.exe" "C:\\Program Files\\nodejs\\node_modules\\npm\\bin\\npm-cli.js" "install" "express-install" "--save"
36 error cwd C:\Users\Myrianne Richard\Documents\daniel\learning\programming\node\asmtax
37 error node -v v0.10.35
38 error npm -v 1.4.28
39 error code E404
40 verbose exit [ 1, true ]
